<?xml version="1.0" encoding="utf-8"?><testsuites name="pytest tests"><testsuite name="pytest" errors="3" failures="0" skipped="0" tests="3" time="3.400" timestamp="2025-08-20T18:06:26.474700-04:00" hostname="Mothership"><testcase classname="" name="test_hallandale_pipeline" time="0.000"><error message="collection failure">import file mismatch:
imported module 'test_hallandale_pipeline' has this __file__ attribute:
  C:\Code\bar-directory-recon\src\tests\test_hallandale_pipeline.py
which is not the same as the test file we want to collect:
  C:\Code\bar-directory-recon\test_hallandale_pipeline.py
HINT: remove __pycache__ / .pyc files and/or use a unique basename for your test file modules</error></testcase><testcase classname="" name="test_live_scraping" time="0.000"><error message="collection failure">ImportError while importing test module 'C:\Code\bar-directory-recon\test_live_scraping.py'.
Hint: make sure your test modules/packages have valid Python names.
Traceback:
C:\ProgramData\miniconda3\Lib\importlib\__init__.py:88: in import_module
    return _bootstrap._gcd_import(name[level:], package, level)
           ^^^^^^^^^^^^^^^^^^^^^^^^^^^^^^^^^^^^^^^^^^^^^^^^^^^^
test_live_scraping.py:15: in &lt;module&gt;
    from tools.realtor_directory_scraper import scrape_realtor_directory  # noqa: E402
    ^^^^^^^^^^^^^^^^^^^^^^^^^^^^^^^^^^^^^^^^^^^^^^^^^^^^^^^^^^^^^^^^^^^^
E   ImportError: cannot import name 'scrape_realtor_directory' from 'tools.realtor_directory_scraper' (C:\Code\bar-directory-recon\tools\realtor_directory_scraper.py)</error></testcase><testcase classname="" name="tests.test_security_manager" time="0.000"><error message="collection failure">import file mismatch:
imported module 'test_security_manager' has this __file__ attribute:
  C:\Code\bar-directory-recon\src\tests\test_security_manager.py
which is not the same as the test file we want to collect:
  C:\Code\bar-directory-recon\tests\test_security_manager.py
HINT: remove __pycache__ / .pyc files and/or use a unique basename for your test file modules</error></testcase></testsuite></testsuites>