<?xml version="1.0" encoding="utf-8"?><testsuites name="pytest tests"><testsuite name="pytest" errors="0" failures="1" skipped="0" tests="12" time="1.549" timestamp="2025-08-20T21:20:03.272624-04:00" hostname="Mothership"><testcase classname="src.tests.test_core_modules.TestConfigLoader" name="test_config_loader_init" time="0.001"><system-out>--------------------------------- Captured Log ---------------------------------

--------------------------------- Captured Out ---------------------------------

</system-out><system-err>--------------------------------- Captured Err ---------------------------------

</system-err></testcase><testcase classname="src.tests.test_core_modules.TestConfigLoader" name="test_load_config_from_json_file" time="0.007"><system-out>--------------------------------- Captured Log ---------------------------------

--------------------------------- Captured Out ---------------------------------

</system-out><system-err>--------------------------------- Captured Err ---------------------------------

</system-err></testcase><testcase classname="src.tests.test_core_modules.TestConfigLoader" name="test_config_file_not_found" time="0.000"><system-out>--------------------------------- Captured Log ---------------------------------

--------------------------------- Captured Out ---------------------------------

</system-out><system-err>--------------------------------- Captured Err ---------------------------------

</system-err></testcase><testcase classname="src.tests.test_core_modules.TestDataExtractor" name="test_data_extractor_init" time="0.001"><system-out>--------------------------------- Captured Log ---------------------------------

--------------------------------- Captured Out ---------------------------------

</system-out><system-err>--------------------------------- Captured Err ---------------------------------

</system-err></testcase><testcase classname="src.tests.test_core_modules.TestDataExtractor" name="test_contact_patterns" time="0.000"><system-out>--------------------------------- Captured Log ---------------------------------

--------------------------------- Captured Out ---------------------------------

</system-out><system-err>--------------------------------- Captured Err ---------------------------------

</system-err></testcase><testcase classname="src.tests.test_core_modules.TestDataExtractor" name="test_website_pattern" time="0.000"><system-out>--------------------------------- Captured Log ---------------------------------

--------------------------------- Captured Out ---------------------------------

</system-out><system-err>--------------------------------- Captured Err ---------------------------------

</system-err></testcase><testcase classname="src.tests.test_core_modules.TestUnifiedSchema" name="test_unified_record_creation" time="0.000"><system-out>--------------------------------- Captured Log ---------------------------------

--------------------------------- Captured Out ---------------------------------

</system-out><system-err>--------------------------------- Captured Err ---------------------------------

</system-err></testcase><testcase classname="src.tests.test_core_modules.TestUnifiedSchema" name="test_unified_record_defaults" time="0.000"><system-out>--------------------------------- Captured Log ---------------------------------

--------------------------------- Captured Out ---------------------------------

</system-out><system-err>--------------------------------- Captured Err ---------------------------------

</system-err></testcase><testcase classname="src.tests.test_core_modules.TestUnifiedSchema" name="test_unified_record_with_lists" time="0.000"><system-out>--------------------------------- Captured Log ---------------------------------

--------------------------------- Captured Out ---------------------------------

</system-out><system-err>--------------------------------- Captured Err ---------------------------------

</system-err></testcase><testcase classname="src.tests.test_core_modules.TestUnifiedSchema" name="test_unified_record_timestamps" time="0.000"><system-out>--------------------------------- Captured Log ---------------------------------

--------------------------------- Captured Out ---------------------------------

</system-out><system-err>--------------------------------- Captured Err ---------------------------------

</system-err></testcase><testcase classname="src.tests.test_hallandale_pipeline" name="test_pipeline_nonexistent_pdf" time="0.004"><system-out>--------------------------------- Captured Log ---------------------------------
#x1B[31m#x1B[1mERROR   #x1B[0m pdf_processor:pdf_processor.py:67 PDF file not found: C:\Code\bar-directory-recon\logs\pytest_basetemp_smoke_20250820_212002\test_pipeline_nonexistent_pdf0\does_not_exist.pdf
#x1B[31m#x1B[1mERROR   #x1B[0m hallandale_pipeline:hallandale_pipeline.py:77 PDF processing failed: PDF file not found
--------------------------------- Captured Out ---------------------------------

</system-out><system-err>--------------------------------- Captured Err ---------------------------------

</system-err></testcase><testcase classname="src.tests.test_hallandale_pipeline_success" name="test_pipeline_success" time="0.003"><failure message="AssertionError: assert 'failed' == 'success'&#10;  &#10;  #x1B[0m#x1B[91m- success#x1B[39;49;00m#x1B[90m#x1B[39;49;00m&#10;  #x1B[92m+ failed#x1B[39;49;00m#x1B[90m#x1B[39;49;00m">tmp_path = WindowsPath('C:/Code/bar-directory-recon/logs/pytest_basetemp_smoke_20250820_212002/test_pipeline_success0'), monkeypatch = &lt;_pytest.monkeypatch.MonkeyPatch object at 0x0000012935E74D60&gt;

    def test_pipeline_success(tmp_path, monkeypatch):
        # Setup pipeline with temporary output directory
        output_dir = tmp_path / "out"
        pipeline = HallandalePipeline(str(output_dir))
    
        # Prepare dummy file paths
        dummy_pdf = str(tmp_path / "input.pdf")
        dummy_csv = str(tmp_path / "data.csv")
        dummy_enriched = str(tmp_path / "enriched.csv")
        dummy_excel = str(tmp_path / "report.xlsx")
    
        # Monkeypatch processing steps
        monkeypatch.setattr(
            pipeline.pdf_processor,
            "process_pdf",
            lambda path: {
                "status": "success",
                "properties_count": 5,
                "output_file": dummy_csv,
            },
        )
        monkeypatch.setattr(
            pipeline.enricher,
            "enrich_properties",
            lambda path: {
                "status": "success",
                "enriched_count": 5,
                "output_file": dummy_enriched,
            },
        )
        monkeypatch.setattr(
            pipeline.enricher,
            "generate_summary_report",
            lambda path: {
                "total_records_processed": 5,
                "records_with_emails": 2,
                "records_with_phones": 3,
                "priority_records": 1,
                "corporate_entities": 1,
                "individual_owners": 4,
                "average_data_quality_score": 92,
                "needs_manual_review": 1,
            },
        )
        monkeypatch.setattr(
            pipeline.validator, "validate_properties", lambda path: {"status": "success"}
        )
        monkeypatch.setattr(
            pipeline,
            "_create_excel_export",
            lambda path: {"status": "success", "output_file": dummy_excel},
        )
    
        # Run the pipeline
        results = pipeline.run_full_pipeline(dummy_pdf)
    
        # Assert successful pipeline run and steps
&gt;       assert results["pipeline_status"] == "success"
E       AssertionError: assert 'failed' == 'success'
E         
E         #x1B[0m#x1B[91m- success#x1B[39;49;00m#x1B[90m#x1B[39;49;00m
E         #x1B[92m+ failed#x1B[39;49;00m#x1B[90m#x1B[39;49;00m

src\tests\test_hallandale_pipeline_success.py:61: AssertionError</failure><system-out>--------------------------------- Captured Log ---------------------------------
#x1B[31m#x1B[1mERROR   #x1B[0m hallandale_pipeline:hallandale_pipeline.py:77 PDF processing failed: Unknown error
--------------------------------- Captured Out ---------------------------------

</system-out><system-err>--------------------------------- Captured Err ---------------------------------

</system-err></testcase></testsuite></testsuites>